<?xml version="1.0" encoding="UTF-8"?>
<testsuite name="Login" tests="2" skipped="0" failures="0" errors="0" timestamp="2026-02-13T04:06:59.420Z" hostname="GAYATHRIGOUTI" time="10.168">
  <properties/>
  <testcase name="Successful login" classname="Login" time="5.801"/>
  <testcase name="Invalid login" classname="Login" time="4.366"/>
  <system-out><![CDATA[
Scenario: Successful login                 ?[90m# src/test/resources/features/login.feature:3?[0m
  ?[32mGiven ?[0m?[32muser is on login page?[0m              ?[90m# automation.stepdefs.LoginSteps.open_login_page()?[0m
  ?[32mWhen ?[0m?[32muser logs in with valid credentials?[0m ?[90m# automation.stepdefs.LoginSteps.login_valid()?[0m
  ?[32mThen ?[0m?[32mlogin should be successful?[0m          ?[90m# automation.stepdefs.LoginSteps.verify_login_success()?[0m

Scenario: Invalid login                        ?[90m# src/test/resources/features/login.feature:8?[0m
  ?[32mGiven ?[0m?[32muser is on login page?[0m                  ?[90m# automation.stepdefs.LoginSteps.open_login_page()?[0m
  ?[32mWhen ?[0m?[32muser logs in with invalid credentials?[0m   ?[90m# automation.stepdefs.LoginSteps.login_invalid()?[0m
  ?[32mThen ?[0m?[32mlogin error message should be displayed?[0m ?[90m# automation.stepdefs.LoginSteps.verify_login_error()?[0m
]]></system-out>
  <system-err><![CDATA[Feb 12, 2026 11:07:00 PM org.openqa.selenium.devtools.CdpVersionFinder findNearestMatch
WARNING: Unable to find CDP implementation matching 144
Feb 12, 2026 11:07:00 PM org.openqa.selenium.chromium.ChromiumDriver lambda$new$5
WARNING: Unable to find version of CDP to use for 144.0.7559.133. You may need to include a dependency on a specific version of the CDP using something similar to `org.seleniumhq.selenium:selenium-devtools-v86:4.17.0` where the version ("v86") matches the version of the chromium-based browser you're using and the version number of the artifact is the same as Selenium's.
Feb 12, 2026 11:07:06 PM org.openqa.selenium.devtools.CdpVersionFinder findNearestMatch
WARNING: Unable to find CDP implementation matching 144
Feb 12, 2026 11:07:06 PM org.openqa.selenium.chromium.ChromiumDriver lambda$new$5
WARNING: Unable to find version of CDP to use for 144.0.7559.133. You may need to include a dependency on a specific version of the CDP using something similar to `org.seleniumhq.selenium:selenium-devtools-v86:4.17.0` where the version ("v86") matches the version of the chromium-based browser you're using and the version number of the artifact is the same as Selenium's.
]]></system-err>
</testsuite>
